2014-03-22 15:52:29,598 - RHS of #set statement is null. Context will not be modified. om/java/cbean/BsConditionQuery.vm [line 93, column 1]
2014-03-22 15:52:29,599 - RHS of #set statement is null. Context will not be modified. om/java/cbean/BsConditionQuery.vm [line 93, column 1]
2014-03-22 15:52:29,599 - RHS of #set statement is null. Context will not be modified. om/java/cbean/BsConditionQuery.vm [line 93, column 1]
2014-03-22 15:52:29,600 - RHS of #set statement is null. Context will not be modified. om/java/cbean/BsConditionQuery.vm [line 93, column 1]
2014-03-22 15:52:29,614 - ResourceManager : found om/java/cbean/NestSelectSetupper.vm with loader org.apache.velocity.runtime.resource.loader.FileResourceLoader
2014-03-22 15:52:29,619 - org.apache.velocity.runtime.exception.ReferenceException: reference : template = om/ControlGenerateJava.vm [line 1,column 1] : ${glPackageExtendedDao} is not a valid reference.
2014-03-22 15:52:29,619 - org.apache.velocity.runtime.exception.ReferenceException: reference : template = om/ControlGenerateJava.vm [line 1,column 1] : ${glPackageBaseDao} is not a valid reference.
2014-03-22 15:52:29,645 - ResourceManager : found om/java/bsbhv/BaseBhv.vm with loader org.apache.velocity.runtime.resource.loader.FileResourceLoader
2014-03-22 15:52:29,661 - ResourceManager : found om/java/bsentity/BaseEntity.vm with loader org.apache.velocity.runtime.resource.loader.FileResourceLoader
2014-03-22 15:52:29,680 - ResourceManager : found om/java/bsentity/dbmeta/DBMetaImpl.vm with loader org.apache.velocity.runtime.resource.loader.FileResourceLoader
2014-03-22 15:52:29,693 - ResourceManager : found om/java/cbean/BsConditionBean.vm with loader org.apache.velocity.runtime.resource.loader.FileResourceLoader
2014-03-22 15:52:29,717 - ResourceManager : found om/java/cbean/AbstractBsConditionQuery.vm with loader org.apache.velocity.runtime.resource.loader.FileResourceLoader
2014-03-22 15:52:29,718 - RHS of #set statement is null. Context will not be modified. om/java/cbean/AbstractBsConditionQuery.vm [line 66, column 1]
2014-03-22 15:52:29,725 - RHS of #set statement is null. Context will not be modified. om/java/cbean/AbstractBsConditionQuery.vm [line 66, column 1]
2014-03-22 15:52:29,726 - RHS of #set statement is null. Context will not be modified. om/java/cbean/AbstractBsConditionQuery.vm [line 66, column 1]
2014-03-22 15:52:29,743 - ResourceManager : found om/java/cbean/BsConditionInlineQuery.vm with loader org.apache.velocity.runtime.resource.loader.FileResourceLoader
2014-03-22 15:52:29,744 - RHS of #set statement is null. Context will not be modified. om/java/cbean/BsConditionInlineQuery.vm [line 92, column 1]
2014-03-22 15:52:29,745 - RHS of #set statement is null. Context will not be modified. om/java/cbean/BsConditionInlineQuery.vm [line 92, column 1]
2014-03-22 15:52:29,745 - RHS of #set statement is null. Context will not be modified. om/java/cbean/BsConditionInlineQuery.vm [line 92, column 1]
2014-03-22 15:52:29,756 - ResourceManager : found om/java/cbean/BsConditionQuery.vm with loader org.apache.velocity.runtime.resource.loader.FileResourceLoader
2014-03-22 15:52:29,757 - RHS of #set statement is null. Context will not be modified. om/java/cbean/BsConditionQuery.vm [line 93, column 1]
2014-03-22 15:52:29,758 - RHS of #set statement is null. Context will not be modified. om/java/cbean/BsConditionQuery.vm [line 93, column 1]
2014-03-22 15:52:29,759 - RHS of #set statement is null. Context will not be modified. om/java/cbean/BsConditionQuery.vm [line 93, column 1]
2014-03-22 15:52:29,768 - ResourceManager : found om/java/cbean/NestSelectSetupper.vm with loader org.apache.velocity.runtime.resource.loader.FileResourceLoader
2014-03-22 15:52:29,771 - org.apache.velocity.runtime.exception.ReferenceException: reference : template = om/ControlGenerateJava.vm [line 1,column 1] : ${glPackageExtendedDao} is not a valid reference.
2014-03-22 15:52:29,771 - org.apache.velocity.runtime.exception.ReferenceException: reference : template = om/ControlGenerateJava.vm [line 1,column 1] : ${glPackageBaseDao} is not a valid reference.
2014-03-22 15:52:29,787 - ResourceManager : found om/java/bsbhv/BaseBhv.vm with loader org.apache.velocity.runtime.resource.loader.FileResourceLoader
2014-03-22 15:52:29,807 - ResourceManager : found om/java/bsentity/BaseEntity.vm with loader org.apache.velocity.runtime.resource.loader.FileResourceLoader
2014-03-22 15:52:29,828 - ResourceManager : found om/java/bsentity/dbmeta/DBMetaImpl.vm with loader org.apache.velocity.runtime.resource.loader.FileResourceLoader
2014-03-22 15:52:29,850 - ResourceManager : found om/java/cbean/BsConditionBean.vm with loader org.apache.velocity.runtime.resource.loader.FileResourceLoader
2014-03-22 15:52:29,890 - ResourceManager : found om/java/cbean/AbstractBsConditionQuery.vm with loader org.apache.velocity.runtime.resource.loader.FileResourceLoader
2014-03-22 15:52:29,893 - RHS of #set statement is null. Context will not be modified. om/java/cbean/AbstractBsConditionQuery.vm [line 66, column 1]
2014-03-22 15:52:29,895 - RHS of #set statement is null. Context will not be modified. om/java/cbean/AbstractBsConditionQuery.vm [line 66, column 1]
2014-03-22 15:52:29,896 - RHS of #set statement is null. Context will not be modified. om/java/cbean/AbstractBsConditionQuery.vm [line 66, column 1]
2014-03-22 15:52:29,898 - RHS of #set statement is null. Context will not be modified. om/java/cbean/AbstractBsConditionQuery.vm [line 66, column 1]
2014-03-22 15:52:29,899 - RHS of #set statement is null. Context will not be modified. om/java/cbean/AbstractBsConditionQuery.vm [line 66, column 1]
2014-03-22 15:52:29,901 - RHS of #set statement is null. Context will not be modified. om/java/cbean/AbstractBsConditionQuery.vm [line 66, column 1]
2014-03-22 15:52:29,902 - RHS of #set statement is null. Context will not be modified. om/java/cbean/AbstractBsConditionQuery.vm [line 66, column 1]
2014-03-22 15:52:29,904 - RHS of #set statement is null. Context will not be modified. om/java/cbean/AbstractBsConditionQuery.vm [line 66, column 1]
2014-03-22 15:52:29,906 - RHS of #set statement is null. Context will not be modified. om/java/cbean/AbstractBsConditionQuery.vm [line 66, column 1]
2014-03-22 15:52:29,920 - ResourceManager : found om/java/cbean/BsConditionInlineQuery.vm with loader org.apache.velocity.runtime.resource.loader.FileResourceLoader
2014-03-22 15:52:29,921 - RHS of #set statement is null. Context will not be modified. om/java/cbean/BsConditionInlineQuery.vm [line 92, column 1]
2014-03-22 15:52:29,922 - RHS of #set statement is null. Context will not be modified. om/java/cbean/BsConditionInlineQuery.vm [line 92, column 1]
2014-03-22 15:52:29,922 - RHS of #set statement is null. Context will not be modified. om/java/cbean/BsConditionInlineQuery.vm [line 92, column 1]
2014-03-22 15:52:29,922 - RHS of #set statement is null. Context will not be modified. om/java/cbean/BsConditionInlineQuery.vm [line 92, column 1]
2014-03-22 15:52:29,922 - RHS of #set statement is null. Context will not be modified. om/java/cbean/BsConditionInlineQuery.vm [line 92, column 1]
2014-03-22 15:52:29,922 - RHS of #set statement is null. Context will not be modified. om/java/cbean/BsConditionInlineQuery.vm [line 92, column 1]
2014-03-22 15:52:29,923 - RHS of #set statement is null. Context will not be modified. om/java/cbean/BsConditionInlineQuery.vm [line 92, column 1]
2014-03-22 15:52:29,923 - RHS of #set statement is null. Context will not be modified. om/java/cbean/BsConditionInlineQuery.vm [line 92, column 1]
2014-03-22 15:52:29,923 - RHS of #set statement is null. Context will not be modified. om/java/cbean/BsConditionInlineQuery.vm [line 92, column 1]
2014-03-22 15:52:29,938 - ResourceManager : found om/java/cbean/BsConditionQuery.vm with loader org.apache.velocity.runtime.resource.loader.FileResourceLoader
2014-03-22 15:52:29,940 - RHS of #set statement is null. Context will not be modified. om/java/cbean/BsConditionQuery.vm [line 93, column 1]
2014-03-22 15:52:29,940 - RHS of #set statement is null. Context will not be modified. om/java/cbean/BsConditionQuery.vm [line 93, column 1]
2014-03-22 15:52:29,940 - RHS of #set statement is null. Context will not be modified. om/java/cbean/BsConditionQuery.vm [line 93, column 1]
2014-03-22 15:52:29,941 - RHS of #set statement is null. Context will not be modified. om/java/cbean/BsConditionQuery.vm [line 93, column 1]
2014-03-22 15:52:29,941 - RHS of #set statement is null. Context will not be modified. om/java/cbean/BsConditionQuery.vm [line 93, column 1]
2014-03-22 15:52:29,941 - RHS of #set statement is null. Context will not be modified. om/java/cbean/BsConditionQuery.vm [line 93, column 1]
2014-03-22 15:52:29,941 - RHS of #set statement is null. Context will not be modified. om/java/cbean/BsConditionQuery.vm [line 93, column 1]
2014-03-22 15:52:29,941 - RHS of #set statement is null. Context will not be modified. om/java/cbean/BsConditionQuery.vm [line 93, column 1]
2014-03-22 15:52:29,942 - RHS of #set statement is null. Context will not be modified. om/java/cbean/BsConditionQuery.vm [line 93, column 1]
2014-03-22 15:52:29,945 - ResourceManager : found om/java/cbean/NestSelectSetupper.vm with loader org.apache.velocity.runtime.resource.loader.FileResourceLoader
2014-03-22 15:52:29,948 - org.apache.velocity.runtime.exception.ReferenceException: reference : template = om/ControlGenerateJava.vm [line 1,column 1] : ${glPackageExtendedDao} is not a valid reference.
2014-03-22 15:52:29,948 - org.apache.velocity.runtime.exception.ReferenceException: reference : template = om/ControlGenerateJava.vm [line 1,column 1] : ${glPackageBaseDao} is not a valid reference.
2014-03-22 15:52:29,966 - ResourceManager : found om/java/bsbhv/BaseBhv.vm with loader org.apache.velocity.runtime.resource.loader.FileResourceLoader
2014-03-22 15:52:29,993 - ResourceManager : found om/java/bsentity/BaseEntity.vm with loader org.apache.velocity.runtime.resource.loader.FileResourceLoader
2014-03-22 15:52:30,019 - ResourceManager : found om/java/bsentity/dbmeta/DBMetaImpl.vm with loader org.apache.velocity.runtime.resource.loader.FileResourceLoader
2014-03-22 15:52:30,037 - ResourceManager : found om/java/cbean/BsConditionBean.vm with loader org.apache.velocity.runtime.resource.loader.FileResourceLoader
2014-03-22 15:52:30,069 - ResourceManager : found om/java/cbean/AbstractBsConditionQuery.vm with loader org.apache.velocity.runtime.resource.loader.FileResourceLoader
2014-03-22 15:52:30,069 - RHS of #set statement is null. Context will not be modified. om/java/cbean/AbstractBsConditionQuery.vm [line 66, column 1]
2014-03-22 15:52:30,073 - RHS of #set statement is null. Context will not be modified. om/java/cbean/AbstractBsConditionQuery.vm [line 66, column 1]
2014-03-22 15:52:30,081 - RHS of #set statement is null. Context will not be modified. om/java/cbean/AbstractBsConditionQuery.vm [line 66, column 1]
2014-03-22 15:52:30,084 - RHS of #set statement is null. Context will not be modified. om/java/cbean/AbstractBsConditionQuery.vm [line 66, column 1]
2014-03-22 15:52:30,088 - RHS of #set statement is null. Context will not be modified. om/java/cbean/AbstractBsConditionQuery.vm [line 66, column 1]
2014-03-22 15:52:30,089 - RHS of #set statement is null. Context will not be modified. om/java/cbean/AbstractBsConditionQuery.vm [line 66, column 1]
2014-03-22 15:52:30,090 - RHS of #set statement is null. Context will not be modified. om/java/cbean/AbstractBsConditionQuery.vm [line 66, column 1]
2014-03-22 15:52:30,100 - ResourceManager : found om/java/cbean/BsConditionInlineQuery.vm with loader org.apache.velocity.runtime.resource.loader.FileResourceLoader
2014-03-22 15:52:30,100 - RHS of #set statement is null. Context will not be modified. om/java/cbean/BsConditionInlineQuery.vm [line 92, column 1]
2014-03-22 15:52:30,101 - RHS of #set statement is null. Context will not be modified. om/java/cbean/BsConditionInlineQuery.vm [line 92, column 1]
2014-03-22 15:52:30,102 - RHS of #set statement is null. Context will not be modified. om/java/cbean/BsConditionInlineQuery.vm [line 92, column 1]
2014-03-22 15:52:30,102 - RHS of #set statement is null. Context will not be modified. om/java/cbean/BsConditionInlineQuery.vm [line 92, column 1]
2014-03-22 15:52:30,102 - RHS of #set statement is null. Context will not be modified. om/java/cbean/BsConditionInlineQuery.vm [line 92, column 1]
2014-03-22 15:52:30,102 - RHS of #set statement is null. Context will not be modified. om/java/cbean/BsConditionInlineQuery.vm [line 92, column 1]
2014-03-22 15:52:30,102 - RHS of #set statement is null. Context will not be modified. om/java/cbean/BsConditionInlineQuery.vm [line 92, column 1]
2014-03-22 15:52:30,113 - ResourceManager : found om/java/cbean/BsConditionQuery.vm with loader org.apache.velocity.runtime.resource.loader.FileResourceLoader
2014-03-22 15:52:30,113 - RHS of #set statement is null. Context will not be modified. om/java/cbean/BsConditionQuery.vm [line 93, column 1]
2014-03-22 15:52:30,114 - RHS of #set statement is null. Context will not be modified. om/java/cbean/BsConditionQuery.vm [line 93, column 1]
2014-03-22 15:52:30,116 - RHS of #set statement is null. Context will not be modified. om/java/cbean/BsConditionQuery.vm [line 93, column 1]
2014-03-22 15:52:30,116 - RHS of #set statement is null. Context will not be modified. om/java/cbean/BsConditionQuery.vm [line 93, column 1]
2014-03-22 15:52:30,116 - RHS of #set statement is null. Context will not be modified. om/java/cbean/BsConditionQuery.vm [line 93, column 1]
2014-03-22 15:52:30,116 - RHS of #set statement is null. Context will not be modified. om/java/cbean/BsConditionQuery.vm [line 93, column 1]
2014-03-22 15:52:30,116 - RHS of #set statement is null. Context will not be modified. om/java/cbean/BsConditionQuery.vm [line 93, column 1]
2014-03-22 15:52:30,124 - ResourceManager : found om/java/cbean/NestSelectSetupper.vm with loader org.apache.velocity.runtime.resource.loader.FileResourceLoader
2014-03-22 15:52:30,127 - org.apache.velocity.runtime.exception.ReferenceException: reference : template = om/ControlGenerateJava.vm [line 1,column 1] : ${glPackageExtendedDao} is not a valid reference.
2014-03-22 15:52:30,127 - org.apache.velocity.runtime.exception.ReferenceException: reference : template = om/ControlGenerateJava.vm [line 1,column 1] : ${glPackageBaseDao} is not a valid reference.
2014-03-22 15:52:30,142 - ResourceManager : found om/java/bsbhv/BaseBhv.vm with loader org.apache.velocity.runtime.resource.loader.FileResourceLoader
2014-03-22 15:52:30,177 - ResourceManager : found om/java/bsentity/BaseEntity.vm with loader org.apache.velocity.runtime.resource.loader.FileResourceLoader
2014-03-22 15:52:30,191 - ResourceManager : found om/java/bsentity/dbmeta/DBMetaImpl.vm with loader org.apache.velocity.runtime.resource.loader.FileResourceLoader
2014-03-22 15:52:30,203 - ResourceManager : found om/java/cbean/BsConditionBean.vm with loader org.apache.velocity.runtime.resource.loader.FileResourceLoader
2014-03-22 15:52:30,223 - ResourceManager : found om/java/cbean/AbstractBsConditionQuery.vm with loader org.apache.velocity.runtime.resource.loader.FileResourceLoader
2014-03-22 15:52:30,223 - RHS of #set statement is null. Context will not be modified. om/java/cbean/AbstractBsConditionQuery.vm [line 66, column 1]
2014-03-22 15:52:30,244 - RHS of #set statement is null. Context will not be modified. om/java/cbean/AbstractBsConditionQuery.vm [line 66, column 1]
2014-03-22 15:52:30,245 - RHS of #set statement is null. Context will not be modified. om/java/cbean/AbstractBsConditionQuery.vm [line 66, column 1]
2014-03-22 15:52:30,247 - RHS of #set statement is null. Context will not be modified. om/java/cbean/AbstractBsConditionQuery.vm [line 66, column 1]
2014-03-22 15:52:30,256 - ResourceManager : found om/java/cbean/BsConditionInlineQuery.vm with loader org.apache.velocity.runtime.resource.loader.FileResourceLoader
2014-03-22 15:52:30,256 - RHS of #set statement is null. Context will not be modified. om/java/cbean/BsConditionInlineQuery.vm [line 92, column 1]
2014-03-22 15:52:30,259 - RHS of #set statement is null. Context will not be modified. om/java/cbean/BsConditionInlineQuery.vm [line 92, column 1]
2014-03-22 15:52:30,259 - RHS of #set statement is null. Context will not be modified. om/java/cbean/BsConditionInlineQuery.vm [line 92, column 1]
2014-03-22 15:52:30,259 - RHS of #set statement is null. Context will not be modified. om/java/cbean/BsConditionInlineQuery.vm [line 92, column 1]
2014-03-22 15:52:30,267 - ResourceManager : found om/java/cbean/BsConditionQuery.vm with loader org.apache.velocity.runtime.resource.loader.FileResourceLoader
2014-03-22 15:52:30,267 - RHS of #set statement is null. Context will not be modified. om/java/cbean/BsConditionQuery.vm [line 93, column 1]
2014-03-22 15:52:30,270 - RHS of #set statement is null. Context will not be modified. om/java/cbean/BsConditionQuery.vm [line 93, column 1]
2014-03-22 15:52:30,270 - RHS of #set statement is null. Context will not be modified. om/java/cbean/BsConditionQuery.vm [line 93, column 1]
2014-03-22 15:52:30,270 - RHS of #set statement is null. Context will not be modified. om/java/cbean/BsConditionQuery.vm [line 93, column 1]
2014-03-22 15:52:30,273 - ResourceManager : found om/java/cbean/NestSelectSetupper.vm with loader org.apache.velocity.runtime.resource.loader.FileResourceLoader
2014-03-22 15:52:30,274 - org.apache.velocity.runtime.exception.ReferenceException: reference : template = om/ControlGenerateJava.vm [line 1,column 1] : ${glPackageExtendedDao} is not a valid reference.
2014-03-22 15:52:30,274 - org.apache.velocity.runtime.exception.ReferenceException: reference : template = om/ControlGenerateJava.vm [line 1,column 1] : ${glPackageBaseDao} is not a valid reference.
2014-03-22 15:52:30,287 - ResourceManager : found om/java/bsbhv/BaseBhv.vm with loader org.apache.velocity.runtime.resource.loader.FileResourceLoader
2014-03-22 15:52:30,302 - ResourceManager : found om/java/bsentity/BaseEntity.vm with loader org.apache.velocity.runtime.resource.loader.FileResourceLoader
2014-03-22 15:52:30,314 - ResourceManager : found om/java/bsentity/dbmeta/DBMetaImpl.vm with loader org.apache.velocity.runtime.resource.loader.FileResourceLoader
2014-03-22 15:52:30,324 - ResourceManager : found om/java/cbean/BsConditionBean.vm with loader org.apache.velocity.runtime.resource.loader.FileResourceLoader
2014-03-22 15:52:30,338 - ResourceManager : found om/java/cbean/AbstractBsConditionQuery.vm with loader org.apache.velocity.runtime.resource.loader.FileResourceLoader
2014-03-22 15:52:30,356 - RHS of #set statement is null. Context will not be modified. om/java/cbean/AbstractBsConditionQuery.vm [line 66, column 1]
2014-03-22 15:52:30,357 - RHS of #set statement is null. Context will not be modified. om/java/cbean/AbstractBsConditionQuery.vm [line 66, column 1]
2014-03-22 15:52:30,359 - RHS of #set statement is null. Context will not be modified. om/java/cbean/AbstractBsConditionQuery.vm [line 66, column 1]
2014-03-22 15:52:30,360 - RHS of #set statement is null. Context will not be modified. om/java/cbean/AbstractBsConditionQuery.vm [line 66, column 1]
2014-03-22 15:52:30,361 - RHS of #set statement is null. Context will not be modified. om/java/cbean/AbstractBsConditionQuery.vm [line 66, column 1]
2014-03-22 15:52:30,363 - RHS of #set statement is null. Context will not be modified. om/java/cbean/AbstractBsConditionQuery.vm [line 66, column 1]
2014-03-22 15:52:30,364 - RHS of #set statement is null. Context will not be modified. om/java/cbean/AbstractBsConditionQuery.vm [line 66, column 1]
2014-03-22 15:52:30,372 - ResourceManager : found om/java/cbean/BsConditionInlineQuery.vm with loader org.apache.velocity.runtime.resource.loader.FileResourceLoader
2014-03-22 15:52:30,373 - RHS of #set statement is null. Context will not be modified. om/java/cbean/BsConditionInlineQuery.vm [line 92, column 1]
2014-03-22 15:52:30,373 - RHS of #set statement is null. Context will not be modified. om/java/cbean/BsConditionInlineQuery.vm [line 92, column 1]
2014-03-22 15:52:30,374 - RHS of #set statement is null. Context will not be modified. om/java/cbean/BsConditionInlineQuery.vm [line 92, column 1]
2014-03-22 15:52:30,374 - RHS of #set statement is null. Context will not be modified. om/java/cbean/BsConditionInlineQuery.vm [line 92, column 1]
2014-03-22 15:52:30,374 - RHS of #set statement is null. Context will not be modified. om/java/cbean/BsConditionInlineQuery.vm [line 92, column 1]
2014-03-22 15:52:30,374 - RHS of #set statement is null. Context will not be modified. om/java/cbean/BsConditionInlineQuery.vm [line 92, column 1]
2014-03-22 15:52:30,374 - RHS of #set statement is null. Context will not be modified. om/java/cbean/BsConditionInlineQuery.vm [line 92, column 1]
2014-03-22 15:52:30,389 - ResourceManager : found om/java/cbean/BsConditionQuery.vm with loader org.apache.velocity.runtime.resource.loader.FileResourceLoader
2014-03-22 15:52:30,392 - RHS of #set statement is null. Context will not be modified. om/java/cbean/BsConditionQuery.vm [line 93, column 1]
2014-03-22 15:52:30,392 - RHS of #set statement is null. Context will not be modified. om/java/cbean/BsConditionQuery.vm [line 93, column 1]
2014-03-22 15:52:30,392 - RHS of #set statement is null. Context will not be modified. om/java/cbean/BsConditionQuery.vm [line 93, column 1]
2014-03-22 15:52:30,393 - RHS of #set statement is null. Context will not be modified. om/java/cbean/BsConditionQuery.vm [line 93, column 1]
2014-03-22 15:52:30,393 - RHS of #set statement is null. Context will not be modified. om/java/cbean/BsConditionQuery.vm [line 93, column 1]
2014-03-22 15:52:30,393 - RHS of #set statement is null. Context will not be modified. om/java/cbean/BsConditionQuery.vm [line 93, column 1]
2014-03-22 15:52:30,393 - RHS of #set statement is null. Context will not be modified. om/java/cbean/BsConditionQuery.vm [line 93, column 1]
2014-03-22 15:52:30,399 - ResourceManager : found om/java/cbean/NestSelectSetupper.vm with loader org.apache.velocity.runtime.resource.loader.FileResourceLoader
2014-03-22 15:52:30,400 - org.apache.velocity.runtime.exception.ReferenceException: reference : template = om/ControlGenerateJava.vm [line 1,column 1] : ${glPackageExtendedDao} is not a valid reference.
2014-03-22 15:52:30,400 - org.apache.velocity.runtime.exception.ReferenceException: reference : template = om/ControlGenerateJava.vm [line 1,column 1] : ${glPackageBaseDao} is not a valid reference.
2014-03-22 15:52:30,412 - ResourceManager : found om/java/bsbhv/BaseBhv.vm with loader org.apache.velocity.runtime.resource.loader.FileResourceLoader
2014-03-22 15:52:30,440 - ResourceManager : found om/java/bsentity/BaseEntity.vm with loader org.apache.velocity.runtime.resource.loader.FileResourceLoader
2014-03-22 15:52:30,465 - ResourceManager : found om/java/bsentity/dbmeta/DBMetaImpl.vm with loader org.apache.velocity.runtime.resource.loader.FileResourceLoader
2014-03-22 15:52:30,487 - ResourceManager : found om/java/cbean/BsConditionBean.vm with loader org.apache.velocity.runtime.resource.loader.FileResourceLoader
2014-03-22 15:52:30,527 - ResourceManager : found om/java/cbean/AbstractBsConditionQuery.vm with loader org.apache.velocity.runtime.resource.loader.FileResourceLoader
2014-03-22 15:52:30,527 - RHS of #set statement is null. Context will not be modified. om/java/cbean/AbstractBsConditionQuery.vm [line 66, column 1]
2014-03-22 15:52:30,534 - RHS of #set statement is null. Context will not be modified. om/java/cbean/AbstractBsConditionQuery.vm [line 66, column 1]
2014-03-22 15:52:30,536 - RHS of #set statement is null. Context will not be modified. om/java/cbean/AbstractBsConditionQuery.vm [line 66, column 1]
2014-03-22 15:52:30,542 - RHS of #set statement is null. Context will not be modified. om/java/cbean/AbstractBsConditionQuery.vm [line 66, column 1]
2014-03-22 15:52:30,543 - RHS of #set statement is null. Context will not be modified. om/java/cbean/AbstractBsConditionQuery.vm [line 66, column 1]
2014-03-22 15:52:30,544 - RHS of #set statement is null. Context will not be modified. om/java/cbean/AbstractBsConditionQuery.vm [line 66, column 1]
2014-03-22 15:52:30,545 - RHS of #set statement is null. Context will not be modified. om/java/cbean/AbstractBsConditionQuery.vm [line 66, column 1]
2014-03-22 15:52:30,546 - RHS of #set statement is null. Context will not be modified. om/java/cbean/AbstractBsConditionQuery.vm [line 66, column 1]
2014-03-22 15:52:30,548 - RHS of #set statement is null. Context will not be modified. om/java/cbean/AbstractBsConditionQuery.vm [line 66, column 1]
2014-03-22 15:52:30,559 - ResourceManager : found om/java/cbean/BsConditionInlineQuery.vm with loader org.apache.velocity.runtime.resource.loader.FileResourceLoader
2014-03-22 15:52:30,559 - RHS of #set statement is null. Context will not be modified. om/java/cbean/BsConditionInlineQuery.vm [line 92, column 1]
2014-03-22 15:52:30,563 - RHS of #set statement is null. Context will not be modified. om/java/cbean/BsConditionInlineQuery.vm [line 92, column 1]
2014-03-22 15:52:30,563 - RHS of #set statement is null. Context will not be modified. om/java/cbean/BsConditionInlineQuery.vm [line 92, column 1]
2014-03-22 15:52:30,565 - RHS of #set statement is null. Context will not be modified. om/java/cbean/BsConditionInlineQuery.vm [line 92, column 1]
2014-03-22 15:52:30,565 - RHS of #set statement is null. Context will not be modified. om/java/cbean/BsConditionInlineQuery.vm [line 92, column 1]
2014-03-22 15:52:30,565 - RHS of #set statement is null. Context will not be modified. om/java/cbean/BsConditionInlineQuery.vm [line 92, column 1]
2014-03-22 15:52:30,565 - RHS of #set statement is null. Context will not be modified. om/java/cbean/BsConditionInlineQuery.vm [line 92, column 1]
2014-03-22 15:52:30,565 - RHS of #set statement is null. Context will not be modified. om/java/cbean/BsConditionInlineQuery.vm [line 92, column 1]
2014-03-22 15:52:30,565 - RHS of #set statement is null. Context will not be modified. om/java/cbean/BsConditionInlineQuery.vm [line 92, column 1]
2014-03-22 15:52:30,573 - ResourceManager : found om/java/cbean/BsConditionQuery.vm with loader org.apache.velocity.runtime.resource.loader.FileResourceLoader
2014-03-22 15:52:30,573 - RHS of #set statement is null. Context will not be modified. om/java/cbean/BsConditionQuery.vm [line 93, column 1]
2014-03-22 15:52:30,576 - RHS of #set statement is null. Context will not be modified. om/java/cbean/BsConditionQuery.vm [line 93, column 1]
2014-03-22 15:52:30,576 - RHS of #set statement is null. Context will not be modified. om/java/cbean/BsConditionQuery.vm [line 93, column 1]
2014-03-22 15:52:30,577 - RHS of #set statement is null. Context will not be modified. om/java/cbean/BsConditionQuery.vm [line 93, column 1]
2014-03-22 15:52:30,578 - RHS of #set statement is null. Context will not be modified. om/java/cbean/BsConditionQuery.vm [line 93, column 1]
2014-03-22 15:52:30,578 - RHS of #set statement is null. Context will not be modified. om/java/cbean/BsConditionQuery.vm [line 93, column 1]
2014-03-22 15:52:30,578 - RHS of #set statement is null. Context will not be modified. om/java/cbean/BsConditionQuery.vm [line 93, column 1]
2014-03-22 15:52:30,578 - RHS of #set statement is null. Context will not be modified. om/java/cbean/BsConditionQuery.vm [line 93, column 1]
2014-03-22 15:52:30,579 - RHS of #set statement is null. Context will not be modified. om/java/cbean/BsConditionQuery.vm [line 93, column 1]
2014-03-22 15:52:30,583 - ResourceManager : found om/java/cbean/NestSelectSetupper.vm with loader org.apache.velocity.runtime.resource.loader.FileResourceLoader
2014-03-22 15:52:30,585 - org.apache.velocity.runtime.exception.ReferenceException: reference : template = om/ControlGenerateJava.vm [line 1,column 1] : ${glPackageExtendedDao} is not a valid reference.
2014-03-22 15:52:30,585 - org.apache.velocity.runtime.exception.ReferenceException: reference : template = om/ControlGenerateJava.vm [line 1,column 1] : ${glPackageBaseDao} is not a valid reference.
2014-03-22 15:52:30,601 - ResourceManager : found om/java/bsbhv/BaseBhv.vm with loader org.apache.velocity.runtime.resource.loader.FileResourceLoader
2014-03-22 15:52:30,622 - ResourceManager : found om/java/bsentity/BaseEntity.vm with loader org.apache.velocity.runtime.resource.loader.FileResourceLoader
2014-03-22 15:52:30,635 - ResourceManager : found om/java/bsentity/dbmeta/DBMetaImpl.vm with loader org.apache.velocity.runtime.resource.loader.FileResourceLoader
2014-03-22 15:52:30,643 - ResourceManager : found om/java/cbean/BsConditionBean.vm with loader org.apache.velocity.runtime.resource.loader.FileResourceLoader
2014-03-22 15:52:30,664 - ResourceManager : found om/java/cbean/AbstractBsConditionQuery.vm with loader org.apache.velocity.runtime.resource.loader.FileResourceLoader
2014-03-22 15:52:30,664 - RHS of #set statement is null. Context will not be modified. om/java/cbean/AbstractBsConditionQuery.vm [line 66, column 1]
2014-03-22 15:52:30,679 - RHS of #set statement is null. Context will not be modified. om/java/cbean/AbstractBsConditionQuery.vm [line 66, column 1]
2014-03-22 15:52:30,698 - ResourceManager : found om/java/cbean/BsConditionInlineQuery.vm with loader org.apache.velocity.runtime.resource.loader.FileResourceLoader
2014-03-22 15:52:30,698 - RHS of #set statement is null. Context will not be modified. om/java/cbean/BsConditionInlineQuery.vm [line 92, column 1]
2014-03-22 15:52:30,704 - RHS of #set statement is null. Context will not be modified. om/java/cbean/BsConditionInlineQuery.vm [line 92, column 1]
2014-03-22 15:52:30,715 - ResourceManager : found om/java/cbean/BsConditionQuery.vm with loader org.apache.velocity.runtime.resource.loader.FileResourceLoader
2014-03-22 15:52:30,715 - RHS of #set statement is null. Context will not be modified. om/java/cbean/BsConditionQuery.vm [line 93, column 1]
2014-03-22 15:52:30,720 - RHS of #set statement is null. Context will not be modified. om/java/cbean/BsConditionQuery.vm [line 93, column 1]
2014-03-22 15:52:30,727 - ResourceManager : found om/java/cbean/NestSelectSetupper.vm with loader org.apache.velocity.runtime.resource.loader.FileResourceLoader
2014-03-22 15:52:30,729 - org.apache.velocity.runtime.exception.ReferenceException: reference : template = om/ControlGenerateJava.vm [line 1,column 1] : ${glPackageExtendedDao} is not a valid reference.
2014-03-22 15:52:30,729 - org.apache.velocity.runtime.exception.ReferenceException: reference : template = om/ControlGenerateJava.vm [line 1,column 1] : ${glPackageBaseDao} is not a valid reference.
2014-03-22 15:52:30,774 - ResourceManager : found om/java/bsbhv/BaseBhv.vm with loader org.apache.velocity.runtime.resource.loader.FileResourceLoader
2014-03-22 15:52:30,794 - ResourceManager : found om/java/bsentity/BaseEntity.vm with loader org.apache.velocity.runtime.resource.loader.FileResourceLoader
2014-03-22 15:52:30,813 - ResourceManager : found om/java/bsentity/dbmeta/DBMetaImpl.vm with loader org.apache.velocity.runtime.resource.loader.FileResourceLoader
2014-03-22 15:52:30,824 - ResourceManager : found om/java/cbean/BsConditionBean.vm with loader org.apache.velocity.runtime.resource.loader.FileResourceLoader
2014-03-22 15:52:30,847 - ResourceManager : found om/java/cbean/AbstractBsConditionQuery.vm with loader org.apache.velocity.runtime.resource.loader.FileResourceLoader
2014-03-22 15:52:30,847 - RHS of #set statement is null. Context will not be modified. om/java/cbean/AbstractBsConditionQuery.vm [line 66, column 1]
2014-03-22 15:52:30,857 - RHS of #set statement is null. Context will not be modified. om/java/cbean/AbstractBsConditionQuery.vm [line 66, column 1]
2014-03-22 15:52:30,859 - RHS of #set statement is null. Context will not be modified. om/java/cbean/AbstractBsConditionQuery.vm [line 66, column 1]
2014-03-22 15:52:30,867 - ResourceManager : found om/java/cbean/BsConditionInlineQuery.vm with loader org.apache.velocity.runtime.resource.loader.FileResourceLoader
2014-03-22 15:52:30,868 - RHS of #set statement is null. Context will not be modified. om/java/cbean/BsConditionInlineQuery.vm [line 92, column 1]
2014-03-22 15:52:30,873 - RHS of #set statement is null. Context will not be modified. om/java/cbean/BsConditionInlineQuery.vm [line 92, column 1]
2014-03-22 15:52:30,873 - RHS of #set statement is null. Context will not be modified. om/java/cbean/BsConditionInlineQuery.vm [line 92, column 1]
2014-03-22 15:52:30,881 - ResourceManager : found om/java/cbean/BsConditionQuery.vm with loader org.apache.velocity.runtime.resource.loader.FileResourceLoader
2014-03-22 15:52:30,881 - RHS of #set statement is null. Context will not be modified. om/java/cbean/BsConditionQuery.vm [line 93, column 1]
2014-03-22 15:52:30,884 - RHS of #set statement is null. Context will not be modified. om/java/cbean/BsConditionQuery.vm [line 93, column 1]
2014-03-22 15:52:30,884 - RHS of #set statement is null. Context will not be modified. om/java/cbean/BsConditionQuery.vm [line 93, column 1]
2014-03-22 15:52:30,886 - ResourceManager : found om/java/cbean/NestSelectSetupper.vm with loader org.apache.velocity.runtime.resource.loader.FileResourceLoader
2014-03-22 15:52:30,888 - org.apache.velocity.runtime.exception.ReferenceException: reference : template = om/ControlGenerateJava.vm [line 1,column 1] : ${glPackageExtendedDao} is not a valid reference.
2014-03-22 15:52:30,888 - org.apache.velocity.runtime.exception.ReferenceException: reference : template = om/ControlGenerateJava.vm [line 1,column 1] : ${glPackageBaseDao} is not a valid reference.
2014-03-22 15:52:30,907 - ResourceManager : found om/java/bsbhv/BaseBhv.vm with loader org.apache.velocity.runtime.resource.loader.FileResourceLoader
2014-03-22 15:52:30,920 - ResourceManager : found om/java/bsentity/BaseEntity.vm with loader org.apache.velocity.runtime.resource.loader.FileResourceLoader
2014-03-22 15:52:30,940 - ResourceManager : found om/java/bsentity/dbmeta/DBMetaImpl.vm with loader org.apache.velocity.runtime.resource.loader.FileResourceLoader
2014-03-22 15:52:30,951 - ResourceManager : found om/java/cbean/BsConditionBean.vm with loader org.apache.velocity.runtime.resource.loader.FileResourceLoader
2014-03-22 15:52:30,968 - ResourceManager : found om/java/cbean/AbstractBsConditionQuery.vm with loader org.apache.velocity.runtime.resource.loader.FileResourceLoader
2014-03-22 15:52:30,968 - RHS of #set statement is null. Context will not be modified. om/java/cbean/AbstractBsConditionQuery.vm [line 66, column 1]
2014-03-22 15:52:30,973 - RHS of #set statement is null. Context will not be modified. om/java/cbean/AbstractBsConditionQuery.vm [line 66, column 1]
2014-03-22 15:52:30,974 - RHS of #set statement is null. Context will not be modified. om/java/cbean/AbstractBsConditionQuery.vm [line 66, column 1]
2014-03-22 15:52:30,975 - RHS of #set statement is null. Context will not be modified. om/java/cbean/AbstractBsConditionQuery.vm [line 66, column 1]
2014-03-22 15:52:30,976 - RHS of #set statement is null. Context will not be modified. om/java/cbean/AbstractBsConditionQuery.vm [line 66, column 1]
2014-03-22 15:52:30,978 - RHS of #set statement is null. Context will not be modified. om/java/cbean/AbstractBsConditionQuery.vm [line 66, column 1]
2014-03-22 15:52:30,979 - RHS of #set statement is null. Context will not be modified. om/java/cbean/AbstractBsConditionQuery.vm [line 66, column 1]
2014-03-22 15:52:30,981 - RHS of #set statement is null. Context will not be modified. om/java/cbean/AbstractBsConditionQuery.vm [line 66, column 1]
2014-03-22 15:52:30,982 - RHS of #set statement is null. Context will not be modified. om/java/cbean/AbstractBsConditionQuery.vm [line 66, column 1]
2014-03-22 15:52:30,984 - RHS of #set statement is null. Context will not be modified. om/java/cbean/AbstractBsConditionQuery.vm [line 66, column 1]
2014-03-22 15:52:30,991 - ResourceManager : found om/java/cbean/BsConditionInlineQuery.vm with loader org.apache.velocity.runtime.resource.loader.FileResourceLoader
2014-03-22 15:52:30,991 - RHS of #set statement is null. Context will not be modified. om/java/cbean/BsConditionInlineQuery.vm [line 92, column 1]
2014-03-22 15:52:30,992 - RHS of #set statement is null. Context will not be modified. om/java/cbean/BsConditionInlineQuery.vm [line 92, column 1]
2014-03-22 15:52:30,992 - RHS of #set statement is null. Context will not be modified. om/java/cbean/BsConditionInlineQuery.vm [line 92, column 1]
2014-03-22 15:52:30,992 - RHS of #set statement is null. Context will not be modified. om/java/cbean/BsConditionInlineQuery.vm [line 92, column 1]
2014-03-22 15:52:30,992 - RHS of #set statement is null. Context will not be modified. om/java/cbean/BsConditionInlineQuery.vm [line 92, column 1]
2014-03-22 15:52:30,992 - RHS of #set statement is null. Context will not be modified. om/java/cbean/BsConditionInlineQuery.vm [line 92, column 1]
2014-03-22 15:52:30,992 - RHS of #set statement is null. Context will not be modified. om/java/cbean/BsConditionInlineQuery.vm [line 92, column 1]
2014-03-22 15:52:30,993 - RHS of #set statement is null. Context will not be modified. om/java/cbean/BsConditionInlineQuery.vm [line 92, column 1]
2014-03-22 15:52:30,993 - RHS of #set statement is null. Context will not be modified. om/java/cbean/BsConditionInlineQuery.vm [line 92, column 1]
2014-03-22 15:52:30,993 - RHS of #set statement is null. Context will not be modified. om/java/cbean/BsConditionInlineQuery.vm [line 92, column 1]
2014-03-22 15:52:31,002 - ResourceManager : found om/java/cbean/BsConditionQuery.vm with loader org.apache.velocity.runtime.resource.loader.FileResourceLoader
2014-03-22 15:52:31,002 - RHS of #set statement is null. Context will not be modified. om/java/cbean/BsConditionQuery.vm [line 93, column 1]
2014-03-22 15:52:31,004 - RHS of #set statement is null. Context will not be modified. om/java/cbean/BsConditionQuery.vm [line 93, column 1]
2014-03-22 15:52:31,005 - RHS of #set statement is null. Context will not be modified. om/java/cbean/BsConditionQuery.vm [line 93, column 1]
2014-03-22 15:52:31,005 - RHS of #set statement is null. Context will not be modified. om/java/cbean/BsConditionQuery.vm [line 93, column 1]
2014-03-22 15:52:31,005 - RHS of #set statement is null. Context will not be modified. om/java/cbean/BsConditionQuery.vm [line 93, column 1]
2014-03-22 15:52:31,005 - RHS of #set statement is null. Context will not be modified. om/java/cbean/BsConditionQuery.vm [line 93, column 1]
2014-03-22 15:52:31,005 - RHS of #set statement is null. Context will not be modified. om/java/cbean/BsConditionQuery.vm [line 93, column 1]
2014-03-22 15:52:31,005 - RHS of #set statement is null. Context will not be modified. om/java/cbean/BsConditionQuery.vm [line 93, column 1]
2014-03-22 15:52:31,006 - RHS of #set statement is null. Context will not be modified. om/java/cbean/BsConditionQuery.vm [line 93, column 1]
2014-03-22 15:52:31,006 - RHS of #set statement is null. Context will not be modified. om/java/cbean/BsConditionQuery.vm [line 93, column 1]
2014-03-22 15:52:31,012 - ResourceManager : found om/java/cbean/NestSelectSetupper.vm with loader org.apache.velocity.runtime.resource.loader.FileResourceLoader
2014-03-22 15:52:31,014 - org.apache.velocity.runtime.exception.ReferenceException: reference : template = om/ControlGenerateJava.vm [line 1,column 1] : ${glPackageExtendedDao} is not a valid reference.
2014-03-22 15:52:31,014 - org.apache.velocity.runtime.exception.ReferenceException: reference : template = om/ControlGenerateJava.vm [line 1,column 1] : ${glPackageBaseDao} is not a valid reference.
2014-03-22 15:52:31,025 - ResourceManager : found om/java/bsbhv/BaseBhv.vm with loader org.apache.velocity.runtime.resource.loader.FileResourceLoader
2014-03-22 15:52:31,041 - ResourceManager : found om/java/bsentity/BaseEntity.vm with loader org.apache.velocity.runtime.resource.loader.FileResourceLoader
2014-03-22 15:52:31,051 - ResourceManager : found om/java/bsentity/dbmeta/DBMetaImpl.vm with loader org.apache.velocity.runtime.resource.loader.FileResourceLoader
2014-03-22 15:52:31,060 - ResourceManager : found om/java/cbean/BsConditionBean.vm with loader org.apache.velocity.runtime.resource.loader.FileResourceLoader
2014-03-22 15:52:31,079 - ResourceManager : found om/java/cbean/AbstractBsConditionQuery.vm with loader org.apache.velocity.runtime.resource.loader.FileResourceLoader
2014-03-22 15:52:31,080 - RHS of #set statement is null. Context will not be modified. om/java/cbean/AbstractBsConditionQuery.vm [line 66, column 1]
2014-03-22 15:52:31,095 - RHS of #set statement is null. Context will not be modified. om/java/cbean/AbstractBsConditionQuery.vm [line 66, column 1]
2014-03-22 15:52:31,105 - ResourceManager : found om/java/cbean/BsConditionInlineQuery.vm with loader org.apache.velocity.runtime.resource.loader.FileResourceLoader
2014-03-22 15:52:31,106 - RHS of #set statement is null. Context will not be modified. om/java/cbean/BsConditionInlineQuery.vm [line 92, column 1]
2014-03-22 15:52:31,108 - RHS of #set statement is null. Context will not be modified. om/java/cbean/BsConditionInlineQuery.vm [line 92, column 1]
2014-03-22 15:52:31,128 - ResourceManager : found om/java/cbean/BsConditionQuery.vm with loader org.apache.velocity.runtime.resource.loader.FileResourceLoader
2014-03-22 15:52:31,128 - RHS of #set statement is null. Context will not be modified. om/java/cbean/BsConditionQuery.vm [line 93, column 1]
2014-03-22 15:52:31,132 - RHS of #set statement is null. Context will not be modified. om/java/cbean/BsConditionQuery.vm [line 93, column 1]
2014-03-22 15:52:31,136 - ResourceManager : found om/java/cbean/NestSelectSetupper.vm with loader org.apache.velocity.runtime.resource.loader.FileResourceLoader
2014-03-22 15:52:31,137 - org.apache.velocity.runtime.exception.ReferenceException: reference : template = om/ControlGenerateJava.vm [line 1,column 1] : ${glPackageExtendedDao} is not a valid reference.
2014-03-22 15:52:31,137 - org.apache.velocity.runtime.exception.ReferenceException: reference : template = om/ControlGenerateJava.vm [line 1,column 1] : ${glPackageBaseDao} is not a valid reference.
2014-03-22 15:52:31,150 - ResourceManager : found om/java/bsbhv/BaseBhv.vm with loader org.apache.velocity.runtime.resource.loader.FileResourceLoader
2014-03-22 15:52:31,168 - ResourceManager : found om/java/bsentity/BaseEntity.vm with loader org.apache.velocity.runtime.resource.loader.FileResourceLoader
2014-03-22 15:52:31,187 - ResourceManager : found om/java/bsentity/dbmeta/DBMetaImpl.vm with loader org.apache.velocity.runtime.resource.loader.FileResourceLoader
2014-03-22 15:52:31,198 - ResourceManager : found om/java/cbean/BsConditionBean.vm with loader org.apache.velocity.runtime.resource.loader.FileResourceLoader
2014-03-22 15:52:31,211 - ResourceManager : found om/java/cbean/AbstractBsConditionQuery.vm with loader org.apache.velocity.runtime.resource.loader.FileResourceLoader
2014-03-22 15:52:31,211 - RHS of #set statement is null. Context will not be modified. om/java/cbean/AbstractBsConditionQuery.vm [line 66, column 1]
2014-03-22 15:52:31,218 - RHS of #set statement is null. Context will not be modified. om/java/cbean/AbstractBsConditionQuery.vm [line 66, column 1]
2014-03-22 15:52:31,220 - RHS of #set statement is null. Context will not be modified. om/java/cbean/AbstractBsConditionQuery.vm [line 66, column 1]
2014-03-22 15:52:31,222 - RHS of #set statement is null. Context will not be modified. om/java/cbean/AbstractBsConditionQuery.vm [line 66, column 1]
2014-03-22 15:52:31,224 - RHS of #set statement is null. Context will not be modified. om/java/cbean/AbstractBsConditionQuery.vm [line 66, column 1]
2014-03-22 15:52:31,226 - RHS of #set statement is null. Context will not be modified. om/java/cbean/AbstractBsConditionQuery.vm [line 66, column 1]
2014-03-22 15:52:31,235 - ResourceManager : found om/java/cbean/BsConditionInlineQuery.vm with loader org.apache.velocity.runtime.resource.loader.FileResourceLoader
2014-03-22 15:52:31,235 - RHS of #set statement is null. Context will not be modified. om/java/cbean/BsConditionInlineQuery.vm [line 92, column 1]
2014-03-22 15:52:31,237 - RHS of #set statement is null. Context will not be modified. om/java/cbean/BsConditionInlineQuery.vm [line 92, column 1]
2014-03-22 15:52:31,237 - RHS of #set statement is null. Context will not be modified. om/java/cbean/BsConditionInlineQuery.vm [line 92, column 1]
2014-03-22 15:52:31,238 - RHS of #set statement is null. Context will not be modified. om/java/cbean/BsConditionInlineQuery.vm [line 92, column 1]
2014-03-22 15:52:31,238 - RHS of #set statement is null. Context will not be modified. om/java/cbean/BsConditionInlineQuery.vm [line 92, column 1]
2014-03-22 15:52:31,238 - RHS of #set statement is null. Context will not be modified. om/java/cbean/BsConditionInlineQuery.vm [line 92, column 1]
2014-03-22 15:52:31,246 - ResourceManager : found om/java/cbean/BsConditionQuery.vm with loader org.apache.velocity.runtime.resource.loader.FileResourceLoader
2014-03-22 15:52:31,246 - RHS of #set statement is null. Context will not be modified. om/java/cbean/BsConditionQuery.vm [line 93, column 1]
2014-03-22 15:52:31,248 - RHS of #set statement is null. Context will not be modified. om/java/cbean/BsConditionQuery.vm [line 93, column 1]
2014-03-22 15:52:31,248 - RHS of #set statement is null. Context will not be modified. om/java/cbean/BsConditionQuery.vm [line 93, column 1]
2014-03-22 15:52:31,249 - RHS of #set statement is null. Context will not be modified. om/java/cbean/BsConditionQuery.vm [line 93, column 1]
2014-03-22 15:52:31,249 - RHS of #set statement is null. Context will not be modified. om/java/cbean/BsConditionQuery.vm [line 93, column 1]
2014-03-22 15:52:31,249 - RHS of #set statement is null. Context will not be modified. om/java/cbean/BsConditionQuery.vm [line 93, column 1]
2014-03-22 15:52:31,251 - ResourceManager : found om/java/cbean/NestSelectSetupper.vm with loader org.apache.velocity.runtime.resource.loader.FileResourceLoader
2014-03-22 15:52:31,252 - org.apache.velocity.runtime.exception.ReferenceException: reference : template = om/ControlGenerateJava.vm [line 1,column 1] : ${glPackageExtendedDao} is not a valid reference.
2014-03-22 15:52:31,252 - org.apache.velocity.runtime.exception.ReferenceException: reference : template = om/ControlGenerateJava.vm [line 1,column 1] : ${glPackageBaseDao} is not a valid reference.
2014-03-22 15:52:31,261 - ResourceManager : found om/java/bsbhv/BaseBhv.vm with loader org.apache.velocity.runtime.resource.loader.FileResourceLoader
2014-03-22 15:52:31,267 - ResourceManager : found om/java/bsentity/BaseEntity.vm with loader org.apache.velocity.runtime.resource.loader.FileResourceLoader
2014-03-22 15:52:31,273 - ResourceManager : found om/java/bsentity/dbmeta/DBMetaImpl.vm with loader org.apache.velocity.runtime.resource.loader.FileResourceLoader
2014-03-22 15:52:31,282 - ResourceManager : found om/java/cbean/BsConditionBean.vm with loader org.apache.velocity.runtime.resource.loader.FileResourceLoader
2014-03-22 15:52:31,298 - ResourceManager : found om/java/cbean/AbstractBsConditionQuery.vm with loader org.apache.velocity.runtime.resource.loader.FileResourceLoader
2014-03-22 15:52:31,298 - RHS of #set statement is null. Context will not be modified. om/java/cbean/AbstractBsConditionQuery.vm [line 66, column 1]
2014-03-22 15:52:31,299 - RHS of #set statement is null. Context will not be modified. om/java/cbean/AbstractBsConditionQuery.vm [line 66, column 1]
2014-03-22 15:52:31,300 - RHS of #set statement is null. Context will not be modified. om/java/cbean/AbstractBsConditionQuery.vm [line 66, column 1]
2014-03-22 15:52:31,302 - RHS of #set statement is null. Context will not be modified. om/java/cbean/AbstractBsConditionQuery.vm [line 66, column 1]
2014-03-22 15:52:31,308 - ResourceManager : found om/java/cbean/BsConditionInlineQuery.vm with loader org.apache.velocity.runtime.resource.loader.FileResourceLoader
2014-03-22 15:52:31,308 - RHS of #set statement is null. Context will not be modified. om/java/cbean/BsConditionInlineQuery.vm [line 92, column 1]
2014-03-22 15:52:31,308 - RHS of #set statement is null. Context will not be modified. om/java/cbean/BsConditionInlineQuery.vm [line 92, column 1]
2014-03-22 15:52:31,308 - RHS of #set statement is null. Context will not be modified. om/java/cbean/BsConditionInlineQuery.vm [line 92, column 1]
2014-03-22 15:52:31,309 - RHS of #set statement is null. Context will not be modified. om/java/cbean/BsConditionInlineQuery.vm [line 92, column 1]
2014-03-22 15:52:31,317 - ResourceManager : found om/java/cbean/BsConditionQuery.vm with loader org.apache.velocity.runtime.resource.loader.FileResourceLoader
2014-03-22 15:52:31,317 - RHS of #set statement is null. Context will not be modified. om/java/cbean/BsConditionQuery.vm [line 93, column 1]
2014-03-22 15:52:31,318 - RHS of #set statement is null. Context will not be modified. om/java/cbean/BsConditionQuery.vm [line 93, column 1]
2014-03-22 15:52:31,318 - RHS of #set statement is null. Context will not be modified. om/java/cbean/BsConditionQuery.vm [line 93, column 1]
2014-03-22 15:52:31,323 - RHS of #set statement is null. Context will not be modified. om/java/cbean/BsConditionQuery.vm [line 93, column 1]
2014-03-22 15:52:31,325 - ResourceManager : found om/java/cbean/NestSelectSetupper.vm with loader org.apache.velocity.runtime.resource.loader.FileResourceLoader
2014-03-22 15:52:31,326 - org.apache.velocity.runtime.exception.ReferenceException: reference : template = om/ControlGenerateJava.vm [line 1,column 1] : ${glPackageExtendedDao} is not a valid reference.
2014-03-22 15:52:31,326 - org.apache.velocity.runtime.exception.ReferenceException: reference : template = om/ControlGenerateJava.vm [line 1,column 1] : ${glPackageBaseDao} is not a valid reference.
2014-03-22 15:52:31,334 - ResourceManager : found om/java/bsbhv/BaseBhv.vm with loader org.apache.velocity.runtime.resource.loader.FileResourceLoader
2014-03-22 15:52:31,341 - ResourceManager : found om/java/bsentity/BaseEntity.vm with loader org.apache.velocity.runtime.resource.loader.FileResourceLoader
2014-03-22 15:52:31,349 - ResourceManager : found om/java/bsentity/dbmeta/DBMetaImpl.vm with loader org.apache.velocity.runtime.resource.loader.FileResourceLoader
2014-03-22 15:52:31,357 - ResourceManager : found om/java/cbean/BsConditionBean.vm with loader org.apache.velocity.runtime.resource.loader.FileResourceLoader
2014-03-22 15:52:31,376 - ResourceManager : found om/java/cbean/AbstractBsConditionQuery.vm with loader org.apache.velocity.runtime.resource.loader.FileResourceLoader
2014-03-22 15:52:31,376 - RHS of #set statement is null. Context will not be modified. om/java/cbean/AbstractBsConditionQuery.vm [line 66, column 1]
2014-03-22 15:52:31,377 - RHS of #set statement is null. Context will not be modified. om/java/cbean/AbstractBsConditionQuery.vm [line 66, column 1]
2014-03-22 15:52:31,378 - RHS of #set statement is null. Context will not be modified. om/java/cbean/AbstractBsConditionQuery.vm [line 66, column 1]
2014-03-22 15:52:31,379 - RHS of #set statement is null. Context will not be modified. om/java/cbean/AbstractBsConditionQuery.vm [line 66, column 1]
2014-03-22 15:52:31,381 - RHS of #set statement is null. Context will not be modified. om/java/cbean/AbstractBsConditionQuery.vm [line 66, column 1]
2014-03-22 15:52:31,382 - RHS of #set statement is null. Context will not be modified. om/java/cbean/AbstractBsConditionQuery.vm [line 66, column 1]
2014-03-22 15:52:31,383 - RHS of #set statement is null. Context will not be modified. om/java/cbean/AbstractBsConditionQuery.vm [line 66, column 1]
2014-03-22 15:52:31,385 - RHS of #set statement is null. Context will not be modified. om/java/cbean/AbstractBsConditionQuery.vm [line 66, column 1]
2014-03-22 15:52:31,386 - RHS of #set statement is null. Context will not be modified. om/java/cbean/AbstractBsConditionQuery.vm [line 66, column 1]
2014-03-22 15:52:31,394 - ResourceManager : found om/java/cbean/BsConditionInlineQuery.vm with loader org.apache.velocity.runtime.resource.loader.FileResourceLoader
2014-03-22 15:52:31,394 - RHS of #set statement is null. Context will not be modified. om/java/cbean/BsConditionInlineQuery.vm [line 92, column 1]
2014-03-22 15:52:31,394 - RHS of #set statement is null. Context will not be modified. om/java/cbean/BsConditionInlineQuery.vm [line 92, column 1]
2014-03-22 15:52:31,394 - RHS of #set statement is null. Context will not be modified. om/java/cbean/BsConditionInlineQuery.vm [line 92, column 1]
2014-03-22 15:52:31,394 - RHS of #set statement is null. Context will not be modified. om/java/cbean/BsConditionInlineQuery.vm [line 92, column 1]
2014-03-22 15:52:31,394 - RHS of #set statement is null. Context will not be modified. om/java/cbean/BsConditionInlineQuery.vm [line 92, column 1]
2014-03-22 15:52:31,395 - RHS of #set statement is null. Context will not be modified. om/java/cbean/BsConditionInlineQuery.vm [line 92, column 1]
2014-03-22 15:52:31,395 - RHS of #set statement is null. Context will not be modified. om/java/cbean/BsConditionInlineQuery.vm [line 92, column 1]
2014-03-22 15:52:31,395 - RHS of #set statement is null. Context will not be modified. om/java/cbean/BsConditionInlineQuery.vm [line 92, column 1]
2014-03-22 15:52:31,395 - RHS of #set statement is null. Context will not be modified. om/java/cbean/BsConditionInlineQuery.vm [line 92, column 1]
2014-03-22 15:52:31,406 - ResourceManager : found om/java/cbean/BsConditionQuery.vm with loader org.apache.velocity.runtime.resource.loader.FileResourceLoader
2014-03-22 15:52:31,406 - RHS of #set statement is null. Context will not be modified. om/java/cbean/BsConditionQuery.vm [line 93, column 1]
2014-03-22 15:52:31,407 - RHS of #set statement is null. Context will not be modified. om/java/cbean/BsConditionQuery.vm [line 93, column 1]
2014-03-22 15:52:31,407 - RHS of #set statement is null. Context will not be modified. om/java/cbean/BsConditionQuery.vm [line 93, column 1]
2014-03-22 15:52:31,407 - RHS of #set statement is null. Context will not be modified. om/java/cbean/BsConditionQuery.vm [line 93, column 1]
2014-03-22 15:52:31,407 - RHS of #set statement is null. Context will not be modified. om/java/cbean/BsConditionQuery.vm [line 93, column 1]
2014-03-22 15:52:31,407 - RHS of #set statement is null. Context will not be modified. om/java/cbean/BsConditionQuery.vm [line 93, column 1]
2014-03-22 15:52:31,408 - RHS of #set statement is null. Context will not be modified. om/java/cbean/BsConditionQuery.vm [line 93, column 1]
2014-03-22 15:52:31,408 - RHS of #set statement is null. Context will not be modified. om/java/cbean/BsConditionQuery.vm [line 93, column 1]
2014-03-22 15:52:31,408 - RHS of #set statement is null. Context will not be modified. om/java/cbean/BsConditionQuery.vm [line 93, column 1]
2014-03-22 15:52:31,410 - ResourceManager : found om/java/cbean/NestSelectSetupper.vm with loader org.apache.velocity.runtime.resource.loader.FileResourceLoader
2014-03-22 15:52:31,411 - org.apache.velocity.runtime.exception.ReferenceException: reference : template = om/ControlGenerateJava.vm [line 1,column 1] : ${glPackageExtendedDao} is not a valid reference.
2014-03-22 15:52:31,412 - org.apache.velocity.runtime.exception.ReferenceException: reference : template = om/ControlGenerateJava.vm [line 1,column 1] : ${glPackageBaseDao} is not a valid reference.
2014-03-22 15:52:31,423 - ResourceManager : found om/java/bsbhv/BaseBhv.vm with loader org.apache.velocity.runtime.resource.loader.FileResourceLoader
2014-03-22 15:52:31,439 - ResourceManager : found om/java/bsentity/BaseEntity.vm with loader org.apache.velocity.runtime.resource.loader.FileResourceLoader
2014-03-22 15:52:31,446 - ResourceManager : found om/java/bsentity/dbmeta/DBMetaImpl.vm with loader org.apache.velocity.runtime.resource.loader.FileResourceLoader
2014-03-22 15:52:31,456 - ResourceManager : found om/java/cbean/BsConditionBean.vm with loader org.apache.velocity.runtime.resource.loader.FileResourceLoader
2014-03-22 15:52:31,466 - ResourceManager : found om/java/cbean/AbstractBsConditionQuery.vm with loader org.apache.velocity.runtime.resource.loader.FileResourceLoader
2014-03-22 15:52:31,466 - RHS of #set statement is null. Context will not be modified. om/java/cbean/AbstractBsConditionQuery.vm [line 66, column 1]
2014-03-22 15:52:31,470 - RHS of #set statement is null. Context will not be modified. om/java/cbean/AbstractBsConditionQuery.vm [line 66, column 1]
2014-03-22 15:52:31,470 - RHS of #set statement is null. Context will not be modified. om/java/cbean/AbstractBsConditionQuery.vm [line 66, column 1]
2014-03-22 15:52:31,479 - ResourceManager : found om/java/cbean/BsConditionInlineQuery.vm with loader org.apache.velocity.runtime.resource.loader.FileResourceLoader
2014-03-22 15:52:31,479 - RHS of #set statement is null. Context will not be modified. om/java/cbean/BsConditionInlineQuery.vm [line 92, column 1]
2014-03-22 15:52:31,481 - RHS of #set statement is null. Context will not be modified. om/java/cbean/BsConditionInlineQuery.vm [line 92, column 1]
2014-03-22 15:52:31,481 - RHS of #set statement is null. Context will not be modified. om/java/cbean/BsConditionInlineQuery.vm [line 92, column 1]
2014-03-22 15:52:31,487 - ResourceManager : found om/java/cbean/BsConditionQuery.vm with loader org.apache.velocity.runtime.resource.loader.FileResourceLoader
2014-03-22 15:52:31,487 - RHS of #set statement is null. Context will not be modified. om/java/cbean/BsConditionQuery.vm [line 93, column 1]
2014-03-22 15:52:31,488 - RHS of #set statement is null. Context will not be modified. om/java/cbean/BsConditionQuery.vm [line 93, column 1]
2014-03-22 15:52:31,488 - RHS of #set statement is null. Context will not be modified. om/java/cbean/BsConditionQuery.vm [line 93, column 1]
2014-03-22 15:52:31,490 - ResourceManager : found om/java/cbean/NestSelectSetupper.vm with loader org.apache.velocity.runtime.resource.loader.FileResourceLoader
2014-03-22 15:52:33,628 - 
2014-03-22 15:52:33,654 - DfFlutistLog4JLogSystem initialized using logfile './log/velocity.log'
2014-03-22 15:52:33,654 - ************************************************************** 
2014-03-22 15:52:33,654 - Starting Jakarta Velocity v1.3.1
2014-03-22 15:52:33,654 - RuntimeInstance initializing.
2014-03-22 15:52:33,654 - Default Properties File: org/apache/velocity/runtime/defaults/velocity.properties
2014-03-22 15:52:33,654 - Trying to use logger class org.seasar.dbflute.friends.velocity.DfFlutistLog4JLogSystem
2014-03-22 15:52:33,654 - Using logger class org.seasar.dbflute.friends.velocity.DfFlutistLog4JLogSystem
2014-03-22 15:52:33,656 - Default ResourceManager initializing. (class org.apache.velocity.runtime.resource.ResourceManagerImpl)
2014-03-22 15:52:33,659 - Resource Loader Instantiated: org.apache.velocity.runtime.resource.loader.FileResourceLoader
2014-03-22 15:52:33,659 - FileResourceLoader : initialization starting.
2014-03-22 15:52:33,659 - FileResourceLoader : adding path '/Users/jflute/works/dbflute/workspace/dbflute-play/dbflute-play-java-example/mydbflute/dbflute-1.0.5C/templates'
2014-03-22 15:52:33,659 - FileResourceLoader : initialization complete.
2014-03-22 15:52:33,660 - ResourceCache : initialized. (class org.apache.velocity.runtime.resource.ResourceCacheImpl)
2014-03-22 15:52:33,660 - Default ResourceManager initialization complete.
2014-03-22 15:52:33,661 - Loaded System Directive: org.apache.velocity.runtime.directive.Literal
2014-03-22 15:52:33,661 - Loaded System Directive: org.apache.velocity.runtime.directive.Macro
2014-03-22 15:52:33,662 - Loaded System Directive: org.apache.velocity.runtime.directive.Parse
2014-03-22 15:52:33,663 - Loaded System Directive: org.apache.velocity.runtime.directive.Include
2014-03-22 15:52:33,664 - Loaded System Directive: org.apache.velocity.runtime.directive.Foreach
2014-03-22 15:52:33,694 - Created: 20 parsers.
2014-03-22 15:52:33,694 - Velocimacro : initialization starting.
2014-03-22 15:52:33,694 - Velocimacro : adding VMs from VM library template : VM_global_library.vm
2014-03-22 15:52:33,697 - ResourceManager : unable to find resource 'VM_global_library.vm' in any resource loader.
2014-03-22 15:52:33,697 - Velocimacro : error using  VM library template VM_global_library.vm : org.apache.velocity.exception.ResourceNotFoundException: Unable to find resource 'VM_global_library.vm'
2014-03-22 15:52:33,697 - Velocimacro :  VM library template macro registration complete.
2014-03-22 15:52:33,697 - Velocimacro : allowInline = true : VMs can be defined inline in templates
2014-03-22 15:52:33,697 - Velocimacro : allowInlineToOverride = false : VMs defined inline may NOT replace previous VM definitions
2014-03-22 15:52:33,697 - Velocimacro : allowInlineLocal = false : VMs defined inline will be  global in scope if allowed.
2014-03-22 15:52:33,697 - Velocimacro : messages on  : VM system will output logging messages
2014-03-22 15:52:33,697 - Velocimacro : autoload off  : VM system will not automatically reload global library macros
2014-03-22 15:52:33,697 - Velocimacro : initialization complete.
2014-03-22 15:52:33,697 - Velocity successfully started.
2014-03-22 15:52:33,795 - ResourceManager : found om/ControlSql2EntityJava.vm with loader org.apache.velocity.runtime.resource.loader.FileResourceLoader
